D:\C++\SHUTDOWNATBELOWNKBS\SHUTDOWNATBELOWNKBS\DEBUG\SOURCE.OBJ
D:\C++\SHUTDOWNATBELOWNKBS\SHUTDOWNATBELOWNKBS\DEBUG\VC110.PDB
D:\C++\SHUTDOWNATBELOWNKBS\DEBUG\SHUTDOWNATBELOWNKBS.ILK
D:\C++\SHUTDOWNATBELOWNKBS\DEBUG\SHUTDOWNATBELOWNKBS.EXE
D:\C++\SHUTDOWNATBELOWNKBS\DEBUG\SHUTDOWNATBELOWNKBS.PDB
D:\C++\ShutdownAtBelowNkbs\ShutdownAtBelowNkbs\Debug\Source.obj
D:\C++\ShutdownAtBelowNkbs\ShutdownAtBelowNkbs\Debug\cl.command.1.tlog
D:\C++\ShutdownAtBelowNkbs\ShutdownAtBelowNkbs\Debug\CL.read.1.tlog
D:\C++\ShutdownAtBelowNkbs\ShutdownAtBelowNkbs\Debug\CL.write.1.tlog
D:\C++\ShutdownAtBelowNkbs\ShutdownAtBelowNkbs\Debug\link-cvtres.read.1.tlog
D:\C++\ShutdownAtBelowNkbs\ShutdownAtBelowNkbs\Debug\link-cvtres.write.1.tlog
D:\C++\ShutdownAtBelowNkbs\ShutdownAtBelowNkbs\Debug\link-rc.read.1.tlog
D:\C++\ShutdownAtBelowNkbs\ShutdownAtBelowNkbs\Debug\link-rc.write.1.tlog
D:\C++\ShutdownAtBelowNkbs\ShutdownAtBelowNkbs\Debug\link.1206676-cvtres.read.1.tlog
D:\C++\ShutdownAtBelowNkbs\ShutdownAtBelowNkbs\Debug\link.1206676-cvtres.write.1.tlog
D:\C++\ShutdownAtBelowNkbs\ShutdownAtBelowNkbs\Debug\link.1206676-rc.read.1.tlog
D:\C++\ShutdownAtBelowNkbs\ShutdownAtBelowNkbs\Debug\link.1206676-rc.write.1.tlog
D:\C++\ShutdownAtBelowNkbs\ShutdownAtBelowNkbs\Debug\link.1206676.read.1.tlog
D:\C++\ShutdownAtBelowNkbs\ShutdownAtBelowNkbs\Debug\link.1206676.write.1.tlog
D:\C++\ShutdownAtBelowNkbs\ShutdownAtBelowNkbs\Debug\link.command.1.tlog
D:\C++\ShutdownAtBelowNkbs\ShutdownAtBelowNkbs\Debug\link.read.1.tlog
D:\C++\ShutdownAtBelowNkbs\ShutdownAtBelowNkbs\Debug\link.write.1.tlog
D:\C++\ShutdownAtBelowNkbs\ShutdownAtBelowNkbs\Debug\vc110.idb
D:\C++\ShutdownAtBelowNkbs\ShutdownAtBelowNkbs\Debug\vc110.pdb
D:\C++\ShutdownAtBelowNkbs\Debug\ShutdownAtBelowNkbs.pdb
D:\C++\ShutdownAtBelowNkbs\Debug\ShutdownAtBelowNkbs.exe
D:\C++\ShutdownAtBelowNkbs\Debug\ShutdownAtBelowNkbs.ilk
